<?xml version="1.0" encoding="UTF-8"?>
<!-- Generated by org.testng.reporters.JUnitXMLReporter -->
<testsuite ignored="0" hostname="yashpal-Latitude-5490" failures="0" tests="3" name="Default test" time="12.752" errors="0" timestamp="20 Jan 2022 06:25:09 GMT">
  <testcase classname="day4.DataDrivenTesting" name="f" time="2.952"/>
  <testcase classname="day4.DataDrivenTesting" name="f" time="2.573"/>
  <testcase classname="day4.DataDrivenTesting" name="f" time="2.619"/>
</testsuite> <!-- Default test -->
