<?xml version="1.0" encoding="UTF-8"?>
<!-- Generated by org.testng.reporters.JUnitXMLReporter -->
<testsuite ignored="3" hostname="yashpal-Latitude-5490" failures="0" tests="3" name="smoke testing" time="0.05" errors="0" timestamp="18 Jan 2022 07:27:43 GMT">
  <testcase classname="day4.TestA" name="first" time="0.011"/>
  <testcase classname="day4.TestA" name="third" time="0.002"/>
  <testcase classname="day4.TestB" name="third" time="0.002"/>
  <testcase classname="day4.TestB" name="second" time="0.0">
    <ignored/>
  </testcase> <!-- second -->
  <testcase classname="day4.TestA" name="second" time="0.0">
    <ignored/>
  </testcase> <!-- second -->
  <testcase classname="day4.TestB" name="first" time="0.0">
    <ignored/>
  </testcase> <!-- first -->
</testsuite> <!-- smoke testing -->
