<?xml version="1.0" encoding="UTF-8"?>
<!-- Generated by org.testng.reporters.JUnitXMLReporter -->
<testsuite ignored="0" hostname="yashpal-Latitude-5490" failures="0" tests="6" name="testcase1" time="0.063" errors="0" timestamp="2022-01-18T12:39:52 IST">
  <testcase classname="day4.TestA" name="first" time="0.01"/>
  <testcase classname="day4.TestA" name="second" time="0.002"/>
  <testcase classname="day4.TestA" name="third" time="0.001"/>
  <testcase classname="day4.TestB" name="first" time="0.001"/>
  <testcase classname="day4.TestB" name="second" time="0.001"/>
  <testcase classname="day4.TestB" name="third" time="0.002"/>
</testsuite> <!-- testcase1 -->
