<?xml version="1.0" encoding="UTF-8"?>
<testng-results ignored="0" total="3" passed="3" failed="0" skipped="0">
  <reporter-output>
  </reporter-output>
  <suite started-at="2022-01-20T06:24:57Z" name="Default suite" finished-at="2022-01-20T06:25:09Z" duration-ms="12752">
    <groups>
    </groups>
    <test started-at="2022-01-20T06:24:57Z" name="Default test" finished-at="2022-01-20T06:25:09Z" duration-ms="12752">
      <class name="day4.DataDrivenTesting">
        <test-method is-config="true" signature="beforeClass()[pri:0, instance:day4.DataDrivenTesting@2794eab6]" started-at="2022-01-20T06:24:57Z" name="beforeClass" finished-at="2022-01-20T06:25:01Z" duration-ms="4579" status="PASS">
          <reporter-output>
          </reporter-output>
        </test-method> <!-- beforeClass -->
        <test-method signature="f(java.lang.String, java.lang.String)[pri:0, instance:day4.DataDrivenTesting@2794eab6]" started-at="2022-01-20T06:25:01Z" name="f" data-provider="dp" finished-at="2022-01-20T06:25:04Z" duration-ms="2952" status="PASS">
          <params>
            <param index="0">
              <value>
                <![CDATA[globallogic@gmail.com]]>
              </value>
            </param>
            <param index="1">
              <value>
                <![CDATA[global]]>
              </value>
            </param>
          </params>
          <reporter-output>
          </reporter-output>
        </test-method> <!-- f -->
        <test-method signature="f(java.lang.String, java.lang.String)[pri:0, instance:day4.DataDrivenTesting@2794eab6]" started-at="2022-01-20T06:25:04Z" name="f" data-provider="dp" finished-at="2022-01-20T06:25:07Z" duration-ms="2573" status="PASS">
          <params>
            <param index="0">
              <value>
                <![CDATA[manz@mass.com]]>
              </value>
            </param>
            <param index="1">
              <value>
                <![CDATA[mass123]]>
              </value>
            </param>
          </params>
          <reporter-output>
          </reporter-output>
        </test-method> <!-- f -->
        <test-method signature="f(java.lang.String, java.lang.String)[pri:0, instance:day4.DataDrivenTesting@2794eab6]" started-at="2022-01-20T06:25:07Z" name="f" data-provider="dp" finished-at="2022-01-20T06:25:09Z" duration-ms="2619" status="PASS">
          <params>
            <param index="0">
              <value>
                <![CDATA[manz1@mass.com]]>
              </value>
            </param>
            <param index="1">
              <value>
                <![CDATA[mass123]]>
              </value>
            </param>
          </params>
          <reporter-output>
          </reporter-output>
        </test-method> <!-- f -->
      </class> <!-- day4.DataDrivenTesting -->
    </test> <!-- Default test -->
  </suite> <!-- Default suite -->
</testng-results>
